
*** Running vivado
    with args -log image_ram.vds -m64 -product Vivado -mode batch -messageDb vivado.pb -notrace -source image_ram.tcl


****** Vivado v2019.2 (64-bit)
  **** SW Build 2708876 on Wed Nov  6 21:39:14 MST 2019
  **** IP Build 2700528 on Thu Nov  7 00:09:20 MST 2019
    ** Copyright 1986-2019 Xilinx, Inc. All Rights Reserved.

source image_ram.tcl -notrace
Command: synth_design -top image_ram -part xc7a100tcsg324-1 -mode out_of_context
Starting synth_design
Attempting to get a license for feature 'Synthesis' and/or device 'xc7a100t'
INFO: [Common 17-349] Got license for feature 'Synthesis' and/or device 'xc7a100t'
INFO: [Device 21-403] Loading part xc7a100tcsg324-1
INFO: Launching helper process for spawning children vivado processes
INFO: Helper process launched with PID 1542091 
---------------------------------------------------------------------------------
Starting RTL Elaboration : Time (s): cpu = 00:00:11 ; elapsed = 00:00:23 . Memory (MB): peak = 1880.465 ; gain = 202.688 ; free physical = 8849 ; free virtual = 14768
---------------------------------------------------------------------------------
INFO: [Synth 8-638] synthesizing module 'image_ram' [/home/amass/Documents/ECE540/FinalPRe/project_FinalPRe/project_FinalPRe.srcs/sources_1/ip/image_ram/synth/image_ram.vhd:71]
	Parameter C_FAMILY bound to: artix7 - type: string 
	Parameter C_XDEVICEFAMILY bound to: artix7 - type: string 
	Parameter C_ELABORATION_DIR bound to: ./ - type: string 
	Parameter C_INTERFACE_TYPE bound to: 0 - type: integer 
	Parameter C_AXI_TYPE bound to: 1 - type: integer 
	Parameter C_AXI_SLAVE_TYPE bound to: 0 - type: integer 
	Parameter C_USE_BRAM_BLOCK bound to: 0 - type: integer 
	Parameter C_ENABLE_32BIT_ADDRESS bound to: 0 - type: integer 
	Parameter C_CTRL_ECC_ALGO bound to: NONE - type: string 
	Parameter C_HAS_AXI_ID bound to: 0 - type: integer 
	Parameter C_AXI_ID_WIDTH bound to: 4 - type: integer 
	Parameter C_MEM_TYPE bound to: 1 - type: integer 
	Parameter C_BYTE_SIZE bound to: 9 - type: integer 
	Parameter C_ALGORITHM bound to: 1 - type: integer 
	Parameter C_PRIM_TYPE bound to: 1 - type: integer 
	Parameter C_LOAD_INIT_FILE bound to: 1 - type: integer 
	Parameter C_INIT_FILE_NAME bound to: image_ram.mif - type: string 
	Parameter C_INIT_FILE bound to: image_ram.mem - type: string 
	Parameter C_USE_DEFAULT_DATA bound to: 0 - type: integer 
	Parameter C_DEFAULT_DATA bound to: 0 - type: string 
	Parameter C_HAS_RSTA bound to: 0 - type: integer 
	Parameter C_RST_PRIORITY_A bound to: CE - type: string 
	Parameter C_RSTRAM_A bound to: 0 - type: integer 
	Parameter C_INITA_VAL bound to: 0 - type: string 
	Parameter C_HAS_ENA bound to: 0 - type: integer 
	Parameter C_HAS_REGCEA bound to: 0 - type: integer 
	Parameter C_USE_BYTE_WEA bound to: 0 - type: integer 
	Parameter C_WEA_WIDTH bound to: 1 - type: integer 
	Parameter C_WRITE_MODE_A bound to: NO_CHANGE - type: string 
	Parameter C_WRITE_WIDTH_A bound to: 4 - type: integer 
	Parameter C_READ_WIDTH_A bound to: 4 - type: integer 
	Parameter C_WRITE_DEPTH_A bound to: 524288 - type: integer 
	Parameter C_READ_DEPTH_A bound to: 524288 - type: integer 
	Parameter C_ADDRA_WIDTH bound to: 19 - type: integer 
	Parameter C_HAS_RSTB bound to: 0 - type: integer 
	Parameter C_RST_PRIORITY_B bound to: CE - type: string 
	Parameter C_RSTRAM_B bound to: 0 - type: integer 
	Parameter C_INITB_VAL bound to: 0 - type: string 
	Parameter C_HAS_ENB bound to: 0 - type: integer 
	Parameter C_HAS_REGCEB bound to: 0 - type: integer 
	Parameter C_USE_BYTE_WEB bound to: 0 - type: integer 
	Parameter C_WEB_WIDTH bound to: 1 - type: integer 
	Parameter C_WRITE_MODE_B bound to: READ_FIRST - type: string 
	Parameter C_WRITE_WIDTH_B bound to: 4 - type: integer 
	Parameter C_READ_WIDTH_B bound to: 4 - type: integer 
	Parameter C_WRITE_DEPTH_B bound to: 524288 - type: integer 
	Parameter C_READ_DEPTH_B bound to: 524288 - type: integer 
	Parameter C_ADDRB_WIDTH bound to: 19 - type: integer 
	Parameter C_HAS_MEM_OUTPUT_REGS_A bound to: 0 - type: integer 
	Parameter C_HAS_MEM_OUTPUT_REGS_B bound to: 1 - type: integer 
	Parameter C_HAS_MUX_OUTPUT_REGS_A bound to: 0 - type: integer 
	Parameter C_HAS_MUX_OUTPUT_REGS_B bound to: 0 - type: integer 
	Parameter C_MUX_PIPELINE_STAGES bound to: 0 - type: integer 
	Parameter C_HAS_SOFTECC_INPUT_REGS_A bound to: 0 - type: integer 
	Parameter C_HAS_SOFTECC_OUTPUT_REGS_B bound to: 0 - type: integer 
	Parameter C_USE_SOFTECC bound to: 0 - type: integer 
	Parameter C_USE_ECC bound to: 0 - type: integer 
	Parameter C_EN_ECC_PIPE bound to: 0 - type: integer 
	Parameter C_READ_LATENCY_A bound to: 1 - type: integer 
	Parameter C_READ_LATENCY_B bound to: 1 - type: integer 
	Parameter C_HAS_INJECTERR bound to: 0 - type: integer 
	Parameter C_SIM_COLLISION_CHECK bound to: ALL - type: string 
	Parameter C_COMMON_CLK bound to: 1 - type: integer 
	Parameter C_DISABLE_WARN_BHV_COLL bound to: 0 - type: integer 
	Parameter C_EN_SLEEP_PIN bound to: 0 - type: integer 
	Parameter C_USE_URAM bound to: 0 - type: integer 
	Parameter C_EN_RDADDRA_CHG bound to: 0 - type: integer 
	Parameter C_EN_RDADDRB_CHG bound to: 0 - type: integer 
	Parameter C_EN_DEEPSLEEP_PIN bound to: 0 - type: integer 
	Parameter C_EN_SHUTDOWN_PIN bound to: 0 - type: integer 
	Parameter C_EN_SAFETY_CKT bound to: 0 - type: integer 
	Parameter C_DISABLE_WARN_BHV_RANGE bound to: 0 - type: integer 
	Parameter C_COUNT_36K_BRAM bound to: 64 - type: string 
	Parameter C_COUNT_18K_BRAM bound to: 0 - type: string 
	Parameter C_EST_POWER_SUMMARY bound to: Estimated Power for IP     :     17.445502 mW - type: string 
INFO: [Synth 8-3491] module 'blk_mem_gen_v8_4_4' declared at '/home/amass/Documents/ECE540/FinalPRe/project_FinalPRe/project_FinalPRe.srcs/sources_1/ip/image_ram/hdl/blk_mem_gen_v8_4_vhsyn_rfs.vhd:195321' bound to instance 'U0' of component 'blk_mem_gen_v8_4_4' [/home/amass/Documents/ECE540/FinalPRe/project_FinalPRe/project_FinalPRe.srcs/sources_1/ip/image_ram/synth/image_ram.vhd:239]
INFO: [Synth 8-256] done synthesizing module 'image_ram' (11#1) [/home/amass/Documents/ECE540/FinalPRe/project_FinalPRe/project_FinalPRe.srcs/sources_1/ip/image_ram/synth/image_ram.vhd:71]
WARNING: [Synth 8-3331] design blk_mem_output_block has unconnected port CLKB
WARNING: [Synth 8-3331] design blk_mem_output_block has unconnected port DOUTA_I[3]
WARNING: [Synth 8-3331] design blk_mem_output_block has unconnected port DOUTA_I[2]
WARNING: [Synth 8-3331] design blk_mem_output_block has unconnected port DOUTA_I[1]
WARNING: [Synth 8-3331] design blk_mem_output_block has unconnected port DOUTA_I[0]
WARNING: [Synth 8-3331] design blk_mem_output_block has unconnected port SBITERR_I
WARNING: [Synth 8-3331] design blk_mem_output_block has unconnected port DBITERR_I
WARNING: [Synth 8-3331] design blk_mem_output_block has unconnected port RDADDRECC_I[18]
WARNING: [Synth 8-3331] design blk_mem_output_block has unconnected port RDADDRECC_I[17]
WARNING: [Synth 8-3331] design blk_mem_output_block has unconnected port RDADDRECC_I[16]
WARNING: [Synth 8-3331] design blk_mem_output_block has unconnected port RDADDRECC_I[15]
WARNING: [Synth 8-3331] design blk_mem_output_block has unconnected port RDADDRECC_I[14]
WARNING: [Synth 8-3331] design blk_mem_output_block has unconnected port RDADDRECC_I[13]
WARNING: [Synth 8-3331] design blk_mem_output_block has unconnected port RDADDRECC_I[12]
WARNING: [Synth 8-3331] design blk_mem_output_block has unconnected port RDADDRECC_I[11]
WARNING: [Synth 8-3331] design blk_mem_output_block has unconnected port RDADDRECC_I[10]
WARNING: [Synth 8-3331] design blk_mem_output_block has unconnected port RDADDRECC_I[9]
WARNING: [Synth 8-3331] design blk_mem_output_block has unconnected port RDADDRECC_I[8]
WARNING: [Synth 8-3331] design blk_mem_output_block has unconnected port RDADDRECC_I[7]
WARNING: [Synth 8-3331] design blk_mem_output_block has unconnected port RDADDRECC_I[6]
WARNING: [Synth 8-3331] design blk_mem_output_block has unconnected port RDADDRECC_I[5]
WARNING: [Synth 8-3331] design blk_mem_output_block has unconnected port RDADDRECC_I[4]
WARNING: [Synth 8-3331] design blk_mem_output_block has unconnected port RDADDRECC_I[3]
WARNING: [Synth 8-3331] design blk_mem_output_block has unconnected port RDADDRECC_I[2]
WARNING: [Synth 8-3331] design blk_mem_output_block has unconnected port RDADDRECC_I[1]
WARNING: [Synth 8-3331] design blk_mem_output_block has unconnected port RDADDRECC_I[0]
WARNING: [Synth 8-3331] design blk_mem_gen_prim_wrapper_init__parameterized30 has unconnected port SSRA
WARNING: [Synth 8-3331] design blk_mem_gen_prim_wrapper_init__parameterized30 has unconnected port REGCEA
WARNING: [Synth 8-3331] design blk_mem_gen_prim_wrapper_init__parameterized30 has unconnected port SSRB
WARNING: [Synth 8-3331] design blk_mem_gen_prim_wrapper_init__parameterized30 has unconnected port WEB[0]
WARNING: [Synth 8-3331] design blk_mem_gen_prim_wrapper_init__parameterized30 has unconnected port DINB[0]
WARNING: [Synth 8-3331] design blk_mem_gen_prim_wrapper_init__parameterized30 has unconnected port SLEEP
WARNING: [Synth 8-3331] design blk_mem_gen_prim_wrapper_init__parameterized30 has unconnected port INJECTSBITERR
WARNING: [Synth 8-3331] design blk_mem_gen_prim_wrapper_init__parameterized30 has unconnected port INJECTDBITERR
WARNING: [Synth 8-3331] design blk_mem_gen_prim_wrapper_init__parameterized30 has unconnected port ECCPIPECE
WARNING: [Synth 8-3331] design blk_mem_gen_prim_wrapper_init__parameterized29 has unconnected port SSRA
WARNING: [Synth 8-3331] design blk_mem_gen_prim_wrapper_init__parameterized29 has unconnected port REGCEA
WARNING: [Synth 8-3331] design blk_mem_gen_prim_wrapper_init__parameterized29 has unconnected port SSRB
WARNING: [Synth 8-3331] design blk_mem_gen_prim_wrapper_init__parameterized29 has unconnected port WEB[0]
WARNING: [Synth 8-3331] design blk_mem_gen_prim_wrapper_init__parameterized29 has unconnected port DINB[0]
WARNING: [Synth 8-3331] design blk_mem_gen_prim_wrapper_init__parameterized29 has unconnected port SLEEP
WARNING: [Synth 8-3331] design blk_mem_gen_prim_wrapper_init__parameterized29 has unconnected port INJECTSBITERR
WARNING: [Synth 8-3331] design blk_mem_gen_prim_wrapper_init__parameterized29 has unconnected port INJECTDBITERR
WARNING: [Synth 8-3331] design blk_mem_gen_prim_wrapper_init__parameterized29 has unconnected port ECCPIPECE
WARNING: [Synth 8-3331] design blk_mem_gen_prim_wrapper_init__parameterized28 has unconnected port SSRA
WARNING: [Synth 8-3331] design blk_mem_gen_prim_wrapper_init__parameterized28 has unconnected port REGCEA
WARNING: [Synth 8-3331] design blk_mem_gen_prim_wrapper_init__parameterized28 has unconnected port SSRB
WARNING: [Synth 8-3331] design blk_mem_gen_prim_wrapper_init__parameterized28 has unconnected port WEB[0]
WARNING: [Synth 8-3331] design blk_mem_gen_prim_wrapper_init__parameterized28 has unconnected port DINB[0]
WARNING: [Synth 8-3331] design blk_mem_gen_prim_wrapper_init__parameterized28 has unconnected port SLEEP
WARNING: [Synth 8-3331] design blk_mem_gen_prim_wrapper_init__parameterized28 has unconnected port INJECTSBITERR
WARNING: [Synth 8-3331] design blk_mem_gen_prim_wrapper_init__parameterized28 has unconnected port INJECTDBITERR
WARNING: [Synth 8-3331] design blk_mem_gen_prim_wrapper_init__parameterized28 has unconnected port ECCPIPECE
WARNING: [Synth 8-3331] design blk_mem_gen_prim_wrapper_init__parameterized27 has unconnected port SSRA
WARNING: [Synth 8-3331] design blk_mem_gen_prim_wrapper_init__parameterized27 has unconnected port REGCEA
WARNING: [Synth 8-3331] design blk_mem_gen_prim_wrapper_init__parameterized27 has unconnected port SSRB
WARNING: [Synth 8-3331] design blk_mem_gen_prim_wrapper_init__parameterized27 has unconnected port WEB[0]
WARNING: [Synth 8-3331] design blk_mem_gen_prim_wrapper_init__parameterized27 has unconnected port DINB[0]
WARNING: [Synth 8-3331] design blk_mem_gen_prim_wrapper_init__parameterized27 has unconnected port SLEEP
WARNING: [Synth 8-3331] design blk_mem_gen_prim_wrapper_init__parameterized27 has unconnected port INJECTSBITERR
WARNING: [Synth 8-3331] design blk_mem_gen_prim_wrapper_init__parameterized27 has unconnected port INJECTDBITERR
WARNING: [Synth 8-3331] design blk_mem_gen_prim_wrapper_init__parameterized27 has unconnected port ECCPIPECE
WARNING: [Synth 8-3331] design blk_mem_gen_prim_wrapper_init__parameterized26 has unconnected port SSRA
WARNING: [Synth 8-3331] design blk_mem_gen_prim_wrapper_init__parameterized26 has unconnected port REGCEA
WARNING: [Synth 8-3331] design blk_mem_gen_prim_wrapper_init__parameterized26 has unconnected port SSRB
WARNING: [Synth 8-3331] design blk_mem_gen_prim_wrapper_init__parameterized26 has unconnected port WEB[0]
WARNING: [Synth 8-3331] design blk_mem_gen_prim_wrapper_init__parameterized26 has unconnected port DINB[0]
WARNING: [Synth 8-3331] design blk_mem_gen_prim_wrapper_init__parameterized26 has unconnected port SLEEP
WARNING: [Synth 8-3331] design blk_mem_gen_prim_wrapper_init__parameterized26 has unconnected port INJECTSBITERR
WARNING: [Synth 8-3331] design blk_mem_gen_prim_wrapper_init__parameterized26 has unconnected port INJECTDBITERR
WARNING: [Synth 8-3331] design blk_mem_gen_prim_wrapper_init__parameterized26 has unconnected port ECCPIPECE
WARNING: [Synth 8-3331] design blk_mem_gen_prim_wrapper_init__parameterized25 has unconnected port SSRA
WARNING: [Synth 8-3331] design blk_mem_gen_prim_wrapper_init__parameterized25 has unconnected port REGCEA
WARNING: [Synth 8-3331] design blk_mem_gen_prim_wrapper_init__parameterized25 has unconnected port SSRB
WARNING: [Synth 8-3331] design blk_mem_gen_prim_wrapper_init__parameterized25 has unconnected port WEB[0]
WARNING: [Synth 8-3331] design blk_mem_gen_prim_wrapper_init__parameterized25 has unconnected port DINB[0]
WARNING: [Synth 8-3331] design blk_mem_gen_prim_wrapper_init__parameterized25 has unconnected port SLEEP
WARNING: [Synth 8-3331] design blk_mem_gen_prim_wrapper_init__parameterized25 has unconnected port INJECTSBITERR
WARNING: [Synth 8-3331] design blk_mem_gen_prim_wrapper_init__parameterized25 has unconnected port INJECTDBITERR
WARNING: [Synth 8-3331] design blk_mem_gen_prim_wrapper_init__parameterized25 has unconnected port ECCPIPECE
WARNING: [Synth 8-3331] design blk_mem_gen_prim_wrapper_init__parameterized24 has unconnected port SSRA
WARNING: [Synth 8-3331] design blk_mem_gen_prim_wrapper_init__parameterized24 has unconnected port REGCEA
WARNING: [Synth 8-3331] design blk_mem_gen_prim_wrapper_init__parameterized24 has unconnected port SSRB
WARNING: [Synth 8-3331] design blk_mem_gen_prim_wrapper_init__parameterized24 has unconnected port WEB[0]
WARNING: [Synth 8-3331] design blk_mem_gen_prim_wrapper_init__parameterized24 has unconnected port DINB[0]
WARNING: [Synth 8-3331] design blk_mem_gen_prim_wrapper_init__parameterized24 has unconnected port SLEEP
WARNING: [Synth 8-3331] design blk_mem_gen_prim_wrapper_init__parameterized24 has unconnected port INJECTSBITERR
WARNING: [Synth 8-3331] design blk_mem_gen_prim_wrapper_init__parameterized24 has unconnected port INJECTDBITERR
WARNING: [Synth 8-3331] design blk_mem_gen_prim_wrapper_init__parameterized24 has unconnected port ECCPIPECE
WARNING: [Synth 8-3331] design blk_mem_gen_prim_wrapper_init__parameterized23 has unconnected port SSRA
WARNING: [Synth 8-3331] design blk_mem_gen_prim_wrapper_init__parameterized23 has unconnected port REGCEA
WARNING: [Synth 8-3331] design blk_mem_gen_prim_wrapper_init__parameterized23 has unconnected port SSRB
WARNING: [Synth 8-3331] design blk_mem_gen_prim_wrapper_init__parameterized23 has unconnected port WEB[0]
WARNING: [Synth 8-3331] design blk_mem_gen_prim_wrapper_init__parameterized23 has unconnected port DINB[0]
WARNING: [Synth 8-3331] design blk_mem_gen_prim_wrapper_init__parameterized23 has unconnected port SLEEP
WARNING: [Synth 8-3331] design blk_mem_gen_prim_wrapper_init__parameterized23 has unconnected port INJECTSBITERR
WARNING: [Synth 8-3331] design blk_mem_gen_prim_wrapper_init__parameterized23 has unconnected port INJECTDBITERR
WARNING: [Synth 8-3331] design blk_mem_gen_prim_wrapper_init__parameterized23 has unconnected port ECCPIPECE
WARNING: [Synth 8-3331] design blk_mem_gen_prim_wrapper_init__parameterized22 has unconnected port SSRA
WARNING: [Synth 8-3331] design blk_mem_gen_prim_wrapper_init__parameterized22 has unconnected port REGCEA
INFO: [Common 17-14] Message 'Synth 8-3331' appears 100 times and further instances of the messages will be disabled. Use the Tcl command set_msg_config to change the current settings.
---------------------------------------------------------------------------------
Finished RTL Elaboration : Time (s): cpu = 00:01:09 ; elapsed = 00:01:32 . Memory (MB): peak = 2225.582 ; gain = 547.805 ; free physical = 8798 ; free virtual = 14719
---------------------------------------------------------------------------------

Report Check Netlist: 
+------+------------------+-------+---------+-------+------------------+
|      |Item              |Errors |Warnings |Status |Description       |
+------+------------------+-------+---------+-------+------------------+
|1     |multi_driven_nets |      0|        0|Passed |Multi driven nets |
+------+------------------+-------+---------+-------+------------------+
---------------------------------------------------------------------------------
Start Handling Custom Attributes
---------------------------------------------------------------------------------
---------------------------------------------------------------------------------
Finished Handling Custom Attributes : Time (s): cpu = 00:01:10 ; elapsed = 00:01:34 . Memory (MB): peak = 2225.582 ; gain = 547.805 ; free physical = 8807 ; free virtual = 14727
---------------------------------------------------------------------------------
---------------------------------------------------------------------------------
Finished RTL Optimization Phase 1 : Time (s): cpu = 00:01:10 ; elapsed = 00:01:34 . Memory (MB): peak = 2225.582 ; gain = 547.805 ; free physical = 8807 ; free virtual = 14727
---------------------------------------------------------------------------------
Netlist sorting complete. Time (s): cpu = 00:00:00.03 ; elapsed = 00:00:00.03 . Memory (MB): peak = 2225.582 ; gain = 0.000 ; free physical = 8800 ; free virtual = 14720
INFO: [Netlist 29-17] Analyzing 64 Unisim elements for replacement
INFO: [Netlist 29-28] Unisim Transformation completed in 0 CPU seconds
INFO: [Project 1-570] Preparing netlist for logic optimization

Processing XDC Constraints
Initializing timing engine
Parsing XDC File [/home/amass/Documents/ECE540/FinalPRe/project_FinalPRe/project_FinalPRe.srcs/sources_1/ip/image_ram/image_ram_ooc.xdc] for cell 'U0'
Finished Parsing XDC File [/home/amass/Documents/ECE540/FinalPRe/project_FinalPRe/project_FinalPRe.srcs/sources_1/ip/image_ram/image_ram_ooc.xdc] for cell 'U0'
Parsing XDC File [/home/amass/Documents/ECE540/FinalPRe/project_FinalPRe/project_FinalPRe.runs/image_ram_synth_1/dont_touch.xdc]
Finished Parsing XDC File [/home/amass/Documents/ECE540/FinalPRe/project_FinalPRe/project_FinalPRe.runs/image_ram_synth_1/dont_touch.xdc]
Completed Processing XDC Constraints

Netlist sorting complete. Time (s): cpu = 00:00:00 ; elapsed = 00:00:00 . Memory (MB): peak = 2309.410 ; gain = 0.000 ; free physical = 8725 ; free virtual = 14645
INFO: [Project 1-111] Unisim Transformation Summary:
No Unisim elements were transformed.

Constraint Validation Runtime : Time (s): cpu = 00:00:00.08 ; elapsed = 00:00:00.09 . Memory (MB): peak = 2309.410 ; gain = 0.000 ; free physical = 8725 ; free virtual = 14645
---------------------------------------------------------------------------------
Finished Constraint Validation : Time (s): cpu = 00:01:19 ; elapsed = 00:01:45 . Memory (MB): peak = 2309.410 ; gain = 631.633 ; free physical = 8787 ; free virtual = 14707
---------------------------------------------------------------------------------
---------------------------------------------------------------------------------
Start Loading Part and Timing Information
---------------------------------------------------------------------------------
Loading part: xc7a100tcsg324-1
---------------------------------------------------------------------------------
Finished Loading Part and Timing Information : Time (s): cpu = 00:01:19 ; elapsed = 00:01:45 . Memory (MB): peak = 2309.410 ; gain = 631.633 ; free physical = 8787 ; free virtual = 14707
---------------------------------------------------------------------------------
---------------------------------------------------------------------------------
Start Applying 'set_property' XDC Constraints
---------------------------------------------------------------------------------
Applied set_property DONT_TOUCH = true for U0. (constraint file  /home/amass/Documents/ECE540/FinalPRe/project_FinalPRe/project_FinalPRe.runs/image_ram_synth_1/dont_touch.xdc, line 9).
---------------------------------------------------------------------------------
Finished applying 'set_property' XDC Constraints : Time (s): cpu = 00:01:19 ; elapsed = 00:01:45 . Memory (MB): peak = 2309.410 ; gain = 631.633 ; free physical = 8787 ; free virtual = 14707
---------------------------------------------------------------------------------
---------------------------------------------------------------------------------
Finished RTL Optimization Phase 2 : Time (s): cpu = 00:01:21 ; elapsed = 00:01:47 . Memory (MB): peak = 2309.410 ; gain = 631.633 ; free physical = 8786 ; free virtual = 14707
---------------------------------------------------------------------------------

Report RTL Partitions: 
+-+--------------+------------+----------+
| |RTL Partition |Replication |Instances |
+-+--------------+------------+----------+
+-+--------------+------------+----------+
---------------------------------------------------------------------------------
Start RTL Component Statistics 
---------------------------------------------------------------------------------
Detailed RTL Component Info : 
+---Registers : 
	               19 Bit    Registers := 1     
	                5 Bit    Registers := 3     
+---Muxes : 
	   2 Input      1 Bit        Muxes := 65    
---------------------------------------------------------------------------------
Finished RTL Component Statistics 
---------------------------------------------------------------------------------
---------------------------------------------------------------------------------
Start RTL Hierarchical Component Statistics 
---------------------------------------------------------------------------------
Hierarchical RTL Component report 
Module bindec 
Detailed RTL Component Info : 
+---Muxes : 
	   2 Input      1 Bit        Muxes := 32    
Module blk_mem_gen_mux 
Detailed RTL Component Info : 
+---Registers : 
	                5 Bit    Registers := 1     
Module blk_mem_gen_mux__parameterized0 
Detailed RTL Component Info : 
+---Registers : 
	               19 Bit    Registers := 1     
	                5 Bit    Registers := 2     
+---Muxes : 
	   2 Input      1 Bit        Muxes := 1     
---------------------------------------------------------------------------------
Finished RTL Hierarchical Component Statistics
---------------------------------------------------------------------------------
---------------------------------------------------------------------------------
Start Part Resource Summary
---------------------------------------------------------------------------------
Part Resources:
DSPs: 240 (col length:80)
BRAMs: 270 (col length: RAMB18 80 RAMB36 40)
---------------------------------------------------------------------------------
Finished Part Resource Summary
---------------------------------------------------------------------------------
---------------------------------------------------------------------------------
Start Cross Boundary and Area Optimization
---------------------------------------------------------------------------------
Warning: Parallel synthesis criteria is not met 
---------------------------------------------------------------------------------
Finished Cross Boundary and Area Optimization : Time (s): cpu = 00:01:22 ; elapsed = 00:01:49 . Memory (MB): peak = 2309.410 ; gain = 631.633 ; free physical = 8768 ; free virtual = 14698
---------------------------------------------------------------------------------

Report RTL Partitions: 
+-+--------------+------------+----------+
| |RTL Partition |Replication |Instances |
+-+--------------+------------+----------+
+-+--------------+------------+----------+
---------------------------------------------------------------------------------
Start Applying XDC Timing Constraints
---------------------------------------------------------------------------------
---------------------------------------------------------------------------------
Finished Applying XDC Timing Constraints : Time (s): cpu = 00:01:31 ; elapsed = 00:02:00 . Memory (MB): peak = 2309.410 ; gain = 631.633 ; free physical = 8640 ; free virtual = 14570
---------------------------------------------------------------------------------
---------------------------------------------------------------------------------
Start Timing Optimization
---------------------------------------------------------------------------------
---------------------------------------------------------------------------------
Finished Timing Optimization : Time (s): cpu = 00:01:31 ; elapsed = 00:02:01 . Memory (MB): peak = 2309.410 ; gain = 631.633 ; free physical = 8637 ; free virtual = 14567
---------------------------------------------------------------------------------

Report RTL Partitions: 
+-+--------------+------------+----------+
| |RTL Partition |Replication |Instances |
+-+--------------+------------+----------+
+-+--------------+------------+----------+
---------------------------------------------------------------------------------
Start Technology Mapping
---------------------------------------------------------------------------------
---------------------------------------------------------------------------------
Finished Technology Mapping : Time (s): cpu = 00:01:31 ; elapsed = 00:02:01 . Memory (MB): peak = 2309.410 ; gain = 631.633 ; free physical = 8626 ; free virtual = 14556
---------------------------------------------------------------------------------

Report RTL Partitions: 
+-+--------------+------------+----------+
| |RTL Partition |Replication |Instances |
+-+--------------+------------+----------+
+-+--------------+------------+----------+
---------------------------------------------------------------------------------
Start IO Insertion
---------------------------------------------------------------------------------
---------------------------------------------------------------------------------
Start Flattening Before IO Insertion
---------------------------------------------------------------------------------
---------------------------------------------------------------------------------
Finished Flattening Before IO Insertion
---------------------------------------------------------------------------------
---------------------------------------------------------------------------------
Start Final Netlist Cleanup
---------------------------------------------------------------------------------
---------------------------------------------------------------------------------
Finished Final Netlist Cleanup
---------------------------------------------------------------------------------
---------------------------------------------------------------------------------
Finished IO Insertion : Time (s): cpu = 00:01:35 ; elapsed = 00:02:05 . Memory (MB): peak = 2309.410 ; gain = 631.633 ; free physical = 8626 ; free virtual = 14556
---------------------------------------------------------------------------------
---------------------------------------------------------------------------------
Start Renaming Generated Instances
---------------------------------------------------------------------------------
---------------------------------------------------------------------------------
Finished Renaming Generated Instances : Time (s): cpu = 00:01:35 ; elapsed = 00:02:05 . Memory (MB): peak = 2309.410 ; gain = 631.633 ; free physical = 8626 ; free virtual = 14556
---------------------------------------------------------------------------------

Report RTL Partitions: 
+-+--------------+------------+----------+
| |RTL Partition |Replication |Instances |
+-+--------------+------------+----------+
+-+--------------+------------+----------+

Report Check Netlist: 
+------+------------------+-------+---------+-------+------------------+
|      |Item              |Errors |Warnings |Status |Description       |
+------+------------------+-------+---------+-------+------------------+
|1     |multi_driven_nets |      0|        0|Passed |Multi driven nets |
+------+------------------+-------+---------+-------+------------------+
---------------------------------------------------------------------------------
Start Rebuilding User Hierarchy
---------------------------------------------------------------------------------
---------------------------------------------------------------------------------
Finished Rebuilding User Hierarchy : Time (s): cpu = 00:01:36 ; elapsed = 00:02:05 . Memory (MB): peak = 2309.410 ; gain = 631.633 ; free physical = 8626 ; free virtual = 14556
---------------------------------------------------------------------------------
---------------------------------------------------------------------------------
Start Renaming Generated Ports
---------------------------------------------------------------------------------
---------------------------------------------------------------------------------
Finished Renaming Generated Ports : Time (s): cpu = 00:01:36 ; elapsed = 00:02:05 . Memory (MB): peak = 2309.410 ; gain = 631.633 ; free physical = 8626 ; free virtual = 14556
---------------------------------------------------------------------------------
---------------------------------------------------------------------------------
Start Handling Custom Attributes
---------------------------------------------------------------------------------
---------------------------------------------------------------------------------
Finished Handling Custom Attributes : Time (s): cpu = 00:01:36 ; elapsed = 00:02:05 . Memory (MB): peak = 2309.410 ; gain = 631.633 ; free physical = 8626 ; free virtual = 14556
---------------------------------------------------------------------------------
---------------------------------------------------------------------------------
Start Renaming Generated Nets
---------------------------------------------------------------------------------
---------------------------------------------------------------------------------
Finished Renaming Generated Nets : Time (s): cpu = 00:01:36 ; elapsed = 00:02:05 . Memory (MB): peak = 2309.410 ; gain = 631.633 ; free physical = 8626 ; free virtual = 14556
---------------------------------------------------------------------------------
---------------------------------------------------------------------------------
Start Writing Synthesis Report
---------------------------------------------------------------------------------

Report BlackBoxes: 
+-+--------------+----------+
| |BlackBox name |Instances |
+-+--------------+----------+
+-+--------------+----------+

Report Cell Usage: 
+------+------------+------+
|      |Cell        |Count |
+------+------------+------+
|1     |LUT3        |     8|
|2     |LUT4        |     8|
|3     |LUT6        |     8|
|4     |MUXF7       |     4|
|5     |RAMB36E1    |     4|
|6     |RAMB36E1_1  |     4|
|7     |RAMB36E1_10 |    12|
|8     |RAMB36E1_11 |    12|
|9     |RAMB36E1_2  |     4|
|10    |RAMB36E1_3  |     4|
|11    |RAMB36E1_4  |     4|
|12    |RAMB36E1_5  |     4|
|13    |RAMB36E1_6  |     4|
|14    |RAMB36E1_7  |     4|
|15    |RAMB36E1_8  |     4|
|16    |RAMB36E1_9  |     4|
|17    |FDRE        |     6|
+------+------------+------+

Report Instance Areas: 
+------+---------------------------------------------+-----------------------------------------------+------+
|      |Instance                                     |Module                                         |Cells |
+------+---------------------------------------------+-----------------------------------------------+------+
|1     |top                                          |                                               |    98|
|2     |  U0                                         |blk_mem_gen_v8_4_4                             |    98|
|3     |    inst_blk_mem_gen                         |blk_mem_gen_v8_4_4_synth                       |    98|
|4     |      \gnbram.gnativebmg.native_blk_mem_gen  |blk_mem_gen_top                                |    98|
|5     |        \valid.cstr                          |blk_mem_gen_generic_cstr                       |    98|
|6     |          \has_mux_b.B                       |blk_mem_gen_mux__parameterized0                |    18|
|7     |          \ramloop[0].ram.r                  |blk_mem_gen_prim_width                         |     2|
|8     |            \prim_init.ram                   |blk_mem_gen_prim_wrapper_init                  |     2|
|9     |          \ramloop[10].ram.r                 |blk_mem_gen_prim_width__parameterized9         |     2|
|10    |            \prim_init.ram                   |blk_mem_gen_prim_wrapper_init__parameterized9  |     2|
|11    |          \ramloop[11].ram.r                 |blk_mem_gen_prim_width__parameterized10        |     2|
|12    |            \prim_init.ram                   |blk_mem_gen_prim_wrapper_init__parameterized10 |     2|
|13    |          \ramloop[12].ram.r                 |blk_mem_gen_prim_width__parameterized11        |     2|
|14    |            \prim_init.ram                   |blk_mem_gen_prim_wrapper_init__parameterized11 |     2|
|15    |          \ramloop[13].ram.r                 |blk_mem_gen_prim_width__parameterized12        |     2|
|16    |            \prim_init.ram                   |blk_mem_gen_prim_wrapper_init__parameterized12 |     2|
|17    |          \ramloop[14].ram.r                 |blk_mem_gen_prim_width__parameterized13        |     2|
|18    |            \prim_init.ram                   |blk_mem_gen_prim_wrapper_init__parameterized13 |     2|
|19    |          \ramloop[15].ram.r                 |blk_mem_gen_prim_width__parameterized14        |     2|
|20    |            \prim_init.ram                   |blk_mem_gen_prim_wrapper_init__parameterized14 |     2|
|21    |          \ramloop[16].ram.r                 |blk_mem_gen_prim_width__parameterized15        |     2|
|22    |            \prim_init.ram                   |blk_mem_gen_prim_wrapper_init__parameterized15 |     2|
|23    |          \ramloop[17].ram.r                 |blk_mem_gen_prim_width__parameterized16        |     2|
|24    |            \prim_init.ram                   |blk_mem_gen_prim_wrapper_init__parameterized16 |     2|
|25    |          \ramloop[18].ram.r                 |blk_mem_gen_prim_width__parameterized17        |     2|
|26    |            \prim_init.ram                   |blk_mem_gen_prim_wrapper_init__parameterized17 |     2|
|27    |          \ramloop[19].ram.r                 |blk_mem_gen_prim_width__parameterized18        |     2|
|28    |            \prim_init.ram                   |blk_mem_gen_prim_wrapper_init__parameterized18 |     2|
|29    |          \ramloop[1].ram.r                  |blk_mem_gen_prim_width__parameterized0         |     2|
|30    |            \prim_init.ram                   |blk_mem_gen_prim_wrapper_init__parameterized0  |     2|
|31    |          \ramloop[20].ram.r                 |blk_mem_gen_prim_width__parameterized19        |     2|
|32    |            \prim_init.ram                   |blk_mem_gen_prim_wrapper_init__parameterized19 |     2|
|33    |          \ramloop[21].ram.r                 |blk_mem_gen_prim_width__parameterized20        |     2|
|34    |            \prim_init.ram                   |blk_mem_gen_prim_wrapper_init__parameterized20 |     2|
|35    |          \ramloop[22].ram.r                 |blk_mem_gen_prim_width__parameterized21        |     2|
|36    |            \prim_init.ram                   |blk_mem_gen_prim_wrapper_init__parameterized21 |     2|
|37    |          \ramloop[23].ram.r                 |blk_mem_gen_prim_width__parameterized22        |     2|
|38    |            \prim_init.ram                   |blk_mem_gen_prim_wrapper_init__parameterized22 |     2|
|39    |          \ramloop[24].ram.r                 |blk_mem_gen_prim_width__parameterized23        |     2|
|40    |            \prim_init.ram                   |blk_mem_gen_prim_wrapper_init__parameterized23 |     2|
|41    |          \ramloop[25].ram.r                 |blk_mem_gen_prim_width__parameterized24        |     2|
|42    |            \prim_init.ram                   |blk_mem_gen_prim_wrapper_init__parameterized24 |     2|
|43    |          \ramloop[26].ram.r                 |blk_mem_gen_prim_width__parameterized25        |     2|
|44    |            \prim_init.ram                   |blk_mem_gen_prim_wrapper_init__parameterized25 |     2|
|45    |          \ramloop[27].ram.r                 |blk_mem_gen_prim_width__parameterized26        |     2|
|46    |            \prim_init.ram                   |blk_mem_gen_prim_wrapper_init__parameterized26 |     2|
|47    |          \ramloop[28].ram.r                 |blk_mem_gen_prim_width__parameterized27        |     2|
|48    |            \prim_init.ram                   |blk_mem_gen_prim_wrapper_init__parameterized27 |     2|
|49    |          \ramloop[29].ram.r                 |blk_mem_gen_prim_width__parameterized28        |     2|
|50    |            \prim_init.ram                   |blk_mem_gen_prim_wrapper_init__parameterized28 |     2|
|51    |          \ramloop[2].ram.r                  |blk_mem_gen_prim_width__parameterized1         |     2|
|52    |            \prim_init.ram                   |blk_mem_gen_prim_wrapper_init__parameterized1  |     2|
|53    |          \ramloop[30].ram.r                 |blk_mem_gen_prim_width__parameterized29        |     2|
|54    |            \prim_init.ram                   |blk_mem_gen_prim_wrapper_init__parameterized29 |     2|
|55    |          \ramloop[31].ram.r                 |blk_mem_gen_prim_width__parameterized30        |     2|
|56    |            \prim_init.ram                   |blk_mem_gen_prim_wrapper_init__parameterized30 |     2|
|57    |          \ramloop[3].ram.r                  |blk_mem_gen_prim_width__parameterized2         |     2|
|58    |            \prim_init.ram                   |blk_mem_gen_prim_wrapper_init__parameterized2  |     2|
|59    |          \ramloop[4].ram.r                  |blk_mem_gen_prim_width__parameterized3         |     2|
|60    |            \prim_init.ram                   |blk_mem_gen_prim_wrapper_init__parameterized3  |     2|
|61    |          \ramloop[5].ram.r                  |blk_mem_gen_prim_width__parameterized4         |     2|
|62    |            \prim_init.ram                   |blk_mem_gen_prim_wrapper_init__parameterized4  |     2|
|63    |          \ramloop[6].ram.r                  |blk_mem_gen_prim_width__parameterized5         |     2|
|64    |            \prim_init.ram                   |blk_mem_gen_prim_wrapper_init__parameterized5  |     2|
|65    |          \ramloop[7].ram.r                  |blk_mem_gen_prim_width__parameterized6         |     2|
|66    |            \prim_init.ram                   |blk_mem_gen_prim_wrapper_init__parameterized6  |     2|
|67    |          \ramloop[8].ram.r                  |blk_mem_gen_prim_width__parameterized7         |     2|
|68    |            \prim_init.ram                   |blk_mem_gen_prim_wrapper_init__parameterized7  |     2|
|69    |          \ramloop[9].ram.r                  |blk_mem_gen_prim_width__parameterized8         |     2|
|70    |            \prim_init.ram                   |blk_mem_gen_prim_wrapper_init__parameterized8  |     2|
+------+---------------------------------------------+-----------------------------------------------+------+
---------------------------------------------------------------------------------
Finished Writing Synthesis Report : Time (s): cpu = 00:01:36 ; elapsed = 00:02:05 . Memory (MB): peak = 2309.410 ; gain = 631.633 ; free physical = 8626 ; free virtual = 14556
---------------------------------------------------------------------------------
Synthesis finished with 0 errors, 0 critical warnings and 130 warnings.
Synthesis Optimization Runtime : Time (s): cpu = 00:01:32 ; elapsed = 00:02:01 . Memory (MB): peak = 2309.410 ; gain = 547.805 ; free physical = 8669 ; free virtual = 14599
Synthesis Optimization Complete : Time (s): cpu = 00:01:36 ; elapsed = 00:02:06 . Memory (MB): peak = 2309.418 ; gain = 631.633 ; free physical = 8669 ; free virtual = 14599
INFO: [Project 1-571] Translating synthesized netlist
Netlist sorting complete. Time (s): cpu = 00:00:00.01 ; elapsed = 00:00:00.02 . Memory (MB): peak = 2309.418 ; gain = 0.000 ; free physical = 8752 ; free virtual = 14683
INFO: [Netlist 29-17] Analyzing 68 Unisim elements for replacement
INFO: [Netlist 29-28] Unisim Transformation completed in 0 CPU seconds
INFO: [Project 1-570] Preparing netlist for logic optimization
INFO: [Opt 31-138] Pushed 0 inverter(s) to 0 load pin(s).
Netlist sorting complete. Time (s): cpu = 00:00:00 ; elapsed = 00:00:00 . Memory (MB): peak = 2309.418 ; gain = 0.000 ; free physical = 8714 ; free virtual = 14644
INFO: [Project 1-111] Unisim Transformation Summary:
No Unisim elements were transformed.

INFO: [Common 17-83] Releasing license: Synthesis
17 Infos, 100 Warnings, 0 Critical Warnings and 0 Errors encountered.
synth_design completed successfully
synth_design: Time (s): cpu = 00:01:46 ; elapsed = 00:02:18 . Memory (MB): peak = 2309.418 ; gain = 854.797 ; free physical = 8846 ; free virtual = 14774
Netlist sorting complete. Time (s): cpu = 00:00:00 ; elapsed = 00:00:00 . Memory (MB): peak = 2309.418 ; gain = 0.000 ; free physical = 8846 ; free virtual = 14774
WARNING: [Constraints 18-5210] No constraints selected for write.
Resolution: This message can indicate that there are no constraints for the design, or it can indicate that the used_in flags are set such that the constraints are ignored. This later case is used when running synth_design to not write synthesis constraints to the resulting checkpoint. Instead, project constraints are read when the synthesized design is opened.
INFO: [Common 17-1381] The checkpoint '/home/amass/Documents/ECE540/FinalPRe/project_FinalPRe/project_FinalPRe.runs/image_ram_synth_1/image_ram.dcp' has been generated.
WARNING: [Common 17-576] 'use_project_ipc' is deprecated. This option is deprecated and no longer used.
INFO: [Coretcl 2-1648] Added synthesis output to IP cache for IP image_ram, cache-ID = e44e3287ec6f7cc0
INFO: [Coretcl 2-1174] Renamed 69 cell refs.
Netlist sorting complete. Time (s): cpu = 00:00:00 ; elapsed = 00:00:00 . Memory (MB): peak = 2309.418 ; gain = 0.000 ; free physical = 8835 ; free virtual = 14767
WARNING: [Constraints 18-5210] No constraints selected for write.
Resolution: This message can indicate that there are no constraints for the design, or it can indicate that the used_in flags are set such that the constraints are ignored. This later case is used when running synth_design to not write synthesis constraints to the resulting checkpoint. Instead, project constraints are read when the synthesized design is opened.
INFO: [Common 17-1381] The checkpoint '/home/amass/Documents/ECE540/FinalPRe/project_FinalPRe/project_FinalPRe.runs/image_ram_synth_1/image_ram.dcp' has been generated.
INFO: [runtcl-4] Executing : report_utilization -file image_ram_utilization_synth.rpt -pb image_ram_utilization_synth.pb
INFO: [Common 17-206] Exiting Vivado at Fri Mar 17 21:38:40 2023...
